[2025-01-28T18:44:13.338401+01:00] my_logger.WARNING: This is a warning message [] []
[2025-01-28T18:44:13.342907+01:00] my_logger.ERROR: This is an error message [] []
[2025-01-28T18:46:58.419227+01:00] my_logger.WARNING: This is a warning message [] []
[2025-01-28T18:46:58.421100+01:00] my_logger.ERROR: This is an error message [] []
[2025-01-28T18:47:39.942094+01:00] my_logger.WARNING: This is a warning message [] []
[2025-01-28T18:47:39.943138+01:00] my_logger.ERROR: This is an error message [] []
[2025-01-28T18:47:39.981908+01:00] email_logger.INFO: Setting email parameters {"from":"pujiermanto@gmail.com","to":"halo@mindsparks.com","subject":"New Contact Form Submission"} []
[2025-01-28T18:50:43.092896+01:00] my_logger.WARNING: This is a warning message [] []
[2025-01-28T18:50:43.094344+01:00] my_logger.ERROR: This is an error message [] []
[2025-01-28T18:50:43.151978+01:00] email_logger.INFO: Setting email parameters {"from":"pujiermanto@gmail.com","to":"halo@mindsparks.com","subject":"New Contact Form Submission"} []
[2025-01-28T18:53:28.185270+01:00] email_logger.ERROR: Error sending email {"error":"SMTP Error: Could not connect to SMTP host."} []
[2025-01-28T18:56:55.536147+01:00] my_logger.WARNING: This is a warning message [] []
[2025-01-28T18:56:55.539543+01:00] my_logger.ERROR: This is an error message [] []
[2025-01-28T18:56:55.547445+01:00] email_logger.INFO: Setting email parameters {"from":"pujiermanto@gmail.com","to":"halo@mindsparks.com","subject":"New Contact Form Submission"} []
[2025-01-28T18:56:55.834348+01:00] email_logger.INFO: Email successfully sent {"to":"halo@mindsparks.com"} []
[2025-01-28T18:58:05.196106+01:00] my_logger.WARNING: This is a warning message [] []
[2025-01-28T18:58:05.197905+01:00] my_logger.ERROR: This is an error message [] []
[2025-01-28T18:58:05.246984+01:00] email_logger.INFO: Setting email parameters {"from":"pujiermanto@gmail.com","to":"halo@mindsparks.com","subject":"New Contact Form Submission"} []
[2025-01-28T18:58:05.820669+01:00] email_logger.INFO: Email successfully sent {"to":"halo@mindsparks.com"} []
[2025-01-28T18:59:06.311105+01:00] my_logger.WARNING: This is a warning message [] []
[2025-01-28T18:59:06.314677+01:00] my_logger.ERROR: This is an error message [] []
[2025-01-28T18:59:06.374320+01:00] email_logger.INFO: Setting email parameters {"from":"pujiermanto@gmail.com","to":"halo@mindsparks.com","subject":"New Contact Form Submission"} []
[2025-01-28T19:01:51.414963+01:00] email_logger.ERROR: Error sending email {"error":"SMTP Error: Could not connect to SMTP host."} []
[2025-01-28T19:01:51.423403+01:00] my_logger.WARNING: This is a warning message [] []
[2025-01-28T19:01:51.424886+01:00] my_logger.ERROR: This is an error message [] []
[2025-01-28T19:01:51.485137+01:00] email_logger.INFO: Setting email parameters {"from":"pujiermanto@gmail.com","to":"halo@mindsparks.com","subject":"New Contact Form Submission"} []
[2025-01-28T19:04:36.743310+01:00] email_logger.ERROR: Error sending email {"error":"SMTP Error: Could not connect to SMTP host."} []
[2025-01-28T19:04:36.753407+01:00] my_logger.WARNING: This is a warning message [] []
[2025-01-28T19:04:36.754708+01:00] my_logger.ERROR: This is an error message [] []
[2025-01-28T19:04:36.841440+01:00] email_logger.INFO: Setting email parameters {"from":"pujiermanto@gmail.com","to":"halo@mindsparks.id","subject":"New Contact Form Submission"} []
[2025-01-28T19:04:37.004141+01:00] email_logger.ERROR: Error sending email {"error":"The following From address failed: pujiermanto@gmail.com : MAIL FROM command failed,Access denied - Invalid HELO name (See RFC2821 4.1.1.1)\r\n,550,SMTP server error: MAIL FROM command failed Detail: Access denied - Invalid HELO name (See RFC2821 4.1.1.1)\r\n SMTP code: 550"} []
[2025-01-28T19:05:53.726396+01:00] my_logger.WARNING: This is a warning message [] []
[2025-01-28T19:05:53.727486+01:00] my_logger.ERROR: This is an error message [] []
[2025-01-28T19:05:53.768739+01:00] email_logger.INFO: Setting email parameters {"from":"pujiermanto@gmail.com","to":"halo@mindsparks.id","subject":"New Contact Form Submission"} []
[2025-01-28T19:08:38.203472+01:00] my_logger.WARNING: This is a warning message [] []
[2025-01-28T19:08:38.204893+01:00] my_logger.ERROR: This is an error message [] []
[2025-01-28T19:09:16.616619+01:00] my_logger.WARNING: This is a warning message [] []
[2025-01-28T19:09:16.617705+01:00] my_logger.ERROR: This is an error message [] []
[2025-01-28T19:09:16.655468+01:00] email_logger.INFO: Setting email parameters {"from":"pujiermanto@gmail.com","to":"halo@mindsparks.id","subject":"New Contact Form Submission"} []
[2025-01-28T19:09:16.812659+01:00] email_logger.INFO: Email successfully sent {"to":"halo@mindsparks.id"} []
[2025-01-28T19:11:16.649286+01:00] my_logger.WARNING: This is a warning message [] []
[2025-01-28T19:11:16.650670+01:00] my_logger.ERROR: This is an error message [] []
[2025-01-28T19:11:16.703012+01:00] email_logger.INFO: Setting email parameters {"from":"pujiermanto@gmail.com","to":"halo@mindsparks.id","subject":"New Contact Form Submission"} []
[2025-01-28T19:11:16.875546+01:00] email_logger.INFO: Email successfully sent {"to":"halo@mindsparks.id"} []
[2025-01-29T06:02:44.007408+01:00] my_logger.WARNING: This is a warning message [] []
[2025-01-29T06:02:44.096020+01:00] my_logger.ERROR: This is an error message [] []
[2025-01-29T06:02:44.143389+01:00] my_logger.WARNING: This is a warning message [] []
[2025-01-29T06:02:44.144906+01:00] my_logger.ERROR: This is an error message [] []
[2025-01-29T06:02:44.191107+01:00] email_logger.INFO: Setting email parameters {"from":"pujiermanto@gmail.com","to":"halo@mindsparks.id","subject":"New Contact Form Submission"} []
[2025-01-29T06:02:44.479959+01:00] email_logger.INFO: Email successfully sent {"to":"halo@mindsparks.id"} []
[2025-01-29T06:06:44.078804+01:00] my_logger.WARNING: This is a warning message [] []
[2025-01-29T06:06:44.082358+01:00] my_logger.ERROR: This is an error message [] []
[2025-01-29T06:06:44.100610+01:00] my_logger.WARNING: This is a warning message [] []
[2025-01-29T06:06:44.105001+01:00] my_logger.ERROR: This is an error message [] []
[2025-01-29T06:06:44.118710+01:00] email_logger.INFO: Setting email parameters {"from":"pujiermanto@gmail.com","to":"halo@mindsparks.id","subject":"New Contact Form Submission"} []
[2025-01-29T06:06:44.529531+01:00] email_logger.INFO: Email successfully sent {"to":"halo@mindsparks.id"} []
[2025-01-29T06:07:51.970235+01:00] my_logger.WARNING: This is a warning message [] []
[2025-01-29T06:07:52.544118+01:00] my_logger.ERROR: This is an error message [] []
[2025-01-29T06:07:53.065498+01:00] my_logger.WARNING: This is a warning message [] []
[2025-01-29T06:07:53.067813+01:00] my_logger.ERROR: This is an error message [] []
[2025-01-29T06:07:53.553142+01:00] email_logger.INFO: Setting email parameters {"from":"pujiermanto@gmail.com","to":"halo@mindsparks.id","subject":"New Contact Form Submission"} []
[2025-01-29T06:07:54.572948+01:00] email_logger.INFO: Email successfully sent {"to":"halo@mindsparks.id"} []
[2025-01-29T06:08:28.360445+01:00] my_logger.WARNING: This is a warning message [] []
[2025-01-29T06:08:28.361962+01:00] my_logger.ERROR: This is an error message [] []
[2025-01-29T06:08:28.369350+01:00] email_logger.INFO: Setting email parameters {"from":"pujiermanto@gmail.com","to":"halo@mindsparks.id","subject":"New Contact Form Submission"} []
[2025-01-29T06:08:28.510959+01:00] email_logger.INFO: Email successfully sent {"to":"halo@mindsparks.id"} []
[2025-01-29T06:10:03.388176+01:00] my_logger.WARNING: This is a warning message [] []
[2025-01-29T06:10:03.393427+01:00] my_logger.ERROR: This is an error message [] []
[2025-01-29T06:10:03.486958+01:00] email_logger.INFO: Setting email parameters {"from":"pujiermanto@gmail.com","to":"halo@mindsparks.id","subject":"New Contact Form Submission"} []
[2025-01-29T06:10:03.487459+01:00] email_logger.WARNING: Headers is not an array {"headers":"MIME-Version: 1.0\r\nContent-Type: text/html; charset=UTF-8\r\nFrom: pujiermanto@gmail.com\r\n"} []
[2025-01-29T06:10:03.663074+01:00] email_logger.INFO: Email successfully sent {"to":"halo@mindsparks.id"} []
[2025-01-29T06:10:28.617506+01:00] my_logger.WARNING: This is a warning message [] []
[2025-01-29T06:10:28.619159+01:00] my_logger.ERROR: This is an error message [] []
[2025-01-29T06:10:28.644048+01:00] my_logger.WARNING: This is a warning message [] []
[2025-01-29T06:10:28.645600+01:00] my_logger.ERROR: This is an error message [] []
[2025-01-29T06:10:28.653140+01:00] email_logger.INFO: Setting email parameters {"from":"pujiermanto@gmail.com","to":"halo@mindsparks.id","subject":"New Contact Form Submission"} []
[2025-01-29T06:10:28.653569+01:00] email_logger.WARNING: Headers is not an array {"headers":"MIME-Version: 1.0\r\nContent-Type: text/html; charset=UTF-8\r\nFrom: pujiermanto@gmail.com\r\n"} []
[2025-01-29T06:10:43.850454+01:00] email_logger.INFO: Email successfully sent {"to":"halo@mindsparks.id"} []
[2025-01-29T06:11:43.161868+01:00] my_logger.WARNING: This is a warning message [] []
[2025-01-29T06:11:43.162982+01:00] my_logger.ERROR: This is an error message [] []
[2025-01-29T06:11:43.244610+01:00] email_logger.INFO: Setting email parameters {"from":"pujiermanto@gmail.com","to":"halo@mindsparks.id","subject":"New Contact Form Submission"} []
[2025-01-29T06:11:43.244855+01:00] email_logger.WARNING: Headers is not an array {"headers":"MIME-Version: 1.0\r\nContent-Type: text/html; charset=UTF-8\r\nFrom: pujiermanto@gmail.com\r\n"} []
[2025-01-29T06:11:43.463339+01:00] email_logger.INFO: Email successfully sent {"to":"halo@mindsparks.id"} []
[2025-01-29T06:11:45.755240+01:00] my_logger.WARNING: This is a warning message [] []
[2025-01-29T06:11:45.756331+01:00] my_logger.ERROR: This is an error message [] []
[2025-01-29T06:11:45.760999+01:00] email_logger.INFO: Setting email parameters {"from":"pujiermanto@gmail.com","to":"halo@mindsparks.id","subject":"New Contact Form Submission"} []
[2025-01-29T06:11:45.761259+01:00] email_logger.WARNING: Headers is not an array {"headers":"MIME-Version: 1.0\r\nContent-Type: text/html; charset=UTF-8\r\nFrom: pujiermanto@gmail.com\r\n"} []
[2025-01-29T06:11:46.026692+01:00] email_logger.INFO: Email successfully sent {"to":"halo@mindsparks.id"} []
[2025-01-29T06:12:43.309465+01:00] my_logger.WARNING: This is a warning message [] []
[2025-01-29T06:12:43.310964+01:00] my_logger.ERROR: This is an error message [] []
[2025-01-29T06:12:43.365127+01:00] email_logger.INFO: Setting email parameters {"from":"pujiermanto@gmail.com","to":"halo@mindsparks.id","subject":"New Contact Form Submission"} []
[2025-01-29T06:12:43.365525+01:00] email_logger.WARNING: Headers is not an array {"headers":"MIME-Version: 1.0\r\nContent-Type: text/html; charset=UTF-8\r\nFrom: pujiermanto@gmail.com\r\n"} []
[2025-01-29T06:12:43.503766+01:00] email_logger.INFO: Email successfully sent {"to":"halo@mindsparks.id"} []
[2025-01-29T06:15:12.060268+01:00] my_logger.WARNING: This is a warning message [] []
[2025-01-29T06:15:12.063117+01:00] my_logger.ERROR: This is an error message [] []
[2025-01-29T06:15:12.077632+01:00] my_logger.WARNING: This is a warning message [] []
[2025-01-29T06:15:12.079112+01:00] my_logger.ERROR: This is an error message [] []
[2025-01-29T06:15:12.089249+01:00] email_logger.INFO: Setting email parameters {"from":"pujiermanto@gmail.com","to":"halo@mindsparks.id","subject":"New Contact Form Submission"} []
[2025-01-29T06:15:12.089830+01:00] email_logger.WARNING: Headers is not an array {"headers":"MIME-Version: 1.0\r\nContent-Type: text/html; charset=UTF-8\r\nFrom: pujiermanto@gmail.com\r\n"} []
[2025-01-29T06:15:12.358007+01:00] email_logger.INFO: Email successfully sent {"to":"halo@mindsparks.id"} []
[2025-01-29T06:16:18.391911+01:00] my_logger.WARNING: This is a warning message [] []
[2025-01-29T06:16:18.396508+01:00] my_logger.ERROR: This is an error message [] []
[2025-01-29T06:16:18.416443+01:00] my_logger.WARNING: This is a warning message [] []
[2025-01-29T06:16:18.419711+01:00] my_logger.ERROR: This is an error message [] []
[2025-01-29T06:16:18.432482+01:00] email_logger.INFO: Setting email parameters {"from":"pujiermanto@gmail.com","to":"halo@mindsparks.id","subject":"New Contact Form Submission"} []
[2025-01-29T06:16:18.433065+01:00] email_logger.WARNING: Headers is not an array {"headers":"MIME-Version: 1.0\r\nContent-Type: text/html; charset=UTF-8\r\nFrom: pujiermanto@gmail.com\r\n"} []
[2025-01-29T06:16:18.760397+01:00] email_logger.INFO: Email successfully sent {"to":"halo@mindsparks.id"} []
[2025-01-29T06:31:37.933361+01:00] my_logger.WARNING: This is a warning message [] []
[2025-01-29T06:31:38.046191+01:00] my_logger.ERROR: This is an error message [] []
[2025-01-29T06:31:38.311668+01:00] email_logger.INFO: Setting email parameters {"from":"pujiermanto@gmail.com","to":"halo@mindsparks.id","subject":"New Contact Form Submission"} []
[2025-01-29T06:31:38.312108+01:00] email_logger.WARNING: Headers is not an array {"headers":"MIME-Version: 1.0\r\nContent-Type: text/html; charset=UTF-8\r\nFrom: pujiermanto@gmail.com\r\n"} []
[2025-01-29T06:31:41.777910+01:00] email_logger.INFO: Email successfully sent {"to":"halo@mindsparks.id"} []
[2025-01-29T06:33:03.509289+01:00] my_logger.WARNING: This is a warning message [] []
[2025-01-29T06:33:03.512301+01:00] my_logger.ERROR: This is an error message [] []
[2025-01-29T06:33:03.611811+01:00] email_logger.INFO: Setting email parameters {"from":"pujiermanto@gmail.com","to":"halo@mindsparks.id","subject":"New Contact Form Submission"} []
[2025-01-29T06:33:03.612105+01:00] email_logger.WARNING: Headers is not an array {"headers":"MIME-Version: 1.0\r\nContent-Type: text/html; charset=UTF-8\r\nFrom: pujiermanto@gmail.com\r\n"} []
[2025-01-29T06:33:04.310156+01:00] email_logger.INFO: Email successfully sent {"to":"halo@mindsparks.id"} []
[2025-01-29T06:34:06.786266+01:00] my_logger.WARNING: This is a warning message [] []
[2025-01-29T06:34:06.788569+01:00] my_logger.ERROR: This is an error message [] []
[2025-01-29T06:34:06.800424+01:00] my_logger.WARNING: This is a warning message [] []
[2025-01-29T06:34:06.802525+01:00] my_logger.ERROR: This is an error message [] []
[2025-01-29T06:34:06.872042+01:00] email_logger.INFO: Setting email parameters {"from":"pujiermanto@gmail.com","to":"halo@mindsparks.id","subject":"New Contact Form Submission"} []
[2025-01-29T06:34:06.872335+01:00] email_logger.WARNING: Headers is not an array {"headers":"MIME-Version: 1.0\r\nContent-Type: text/html; charset=UTF-8\r\nFrom: pujiermanto@gmail.com\r\n"} []
[2025-01-29T06:34:07.055422+01:00] email_logger.INFO: Email successfully sent {"to":"halo@mindsparks.id"} []
[2025-01-29T06:39:29.049590+01:00] my_logger.WARNING: This is a warning message [] []
[2025-01-29T06:39:29.060390+01:00] my_logger.ERROR: This is an error message [] []
[2025-01-29T06:39:29.173774+01:00] email_logger.INFO: Setting email parameters {"from":"pujiermanto@gmail.com","to":"halo@mindsparks.id","subject":"New Contact Form Submission"} []
[2025-01-29T06:39:29.174048+01:00] email_logger.WARNING: Headers is not an array {"headers":"MIME-Version: 1.0\r\nContent-Type: text/html; charset=UTF-8\r\nFrom: pujiermanto@gmail.com\r\n"} []
[2025-01-29T06:39:29.341198+01:00] email_logger.INFO: Email successfully sent {"to":"halo@mindsparks.id"} []
